Info: Nothing to build for PARCIAL_[1]
00:58:36 **** Incremental Build of configuration Debug for project PARCIAL_[1] ****
Info: Internal Builder is used for build
gcc -O0 -g3 -Wall -c -fmessage-length=0 -o LinkedList.o "..\\LinkedList.c" 
gcc -O0 -g3 -Wall -c -fmessage-length=0 -o Controller.o "..\\Controller.c" 
..\Controller.c: In function 'controller_filtrarServicio':
..\Controller.c:354:19: warning: implicit declaration of function 'controller_saveAsText'; did you mean 'controller_loadFromText'? [-Wimplicit-function-declaration]
  354 |      validacion = controller_saveAsText("minorista.csv", pArrayServicio);
      |                   ^~~~~~~~~~~~~~~~~~~~~
      |                   controller_loadFromText
gcc -O0 -g3 -Wall -c -fmessage-length=0 -o Passenger.o "..\\Passenger.c" 
gcc -O0 -g3 -Wall -c -fmessage-length=0 -o main.o "..\\main.c" 
gcc -O0 -g3 -Wall -c -fmessage-length=0 -o parser.o "..\\parser.c" 
gcc -o PARCIAL_[1].exe Controller.o LinkedList.o Passenger.o estetica.o input.o main.o parser.o 
00:59:25 **** Incremental Build of configuration Debug for project PARCIAL_[1] ****
Info: Internal Builder is used for build
gcc -O0 -g3 -Wall -c -fmessage-length=0 -o Controller.o "..\\Controller.c" 
..\Controller.c: In function 'controller_filtrarServicio':
..\Controller.c:354:19: warning: implicit declaration of function 'controller_saveAsText'; did you mean 'controller_loadFromText'? [-Wimplicit-function-declaration]
  354 |      validacion = controller_saveAsText("minorista.csv", nuevaLista);
      |                   ^~~~~~~~~~~~~~~~~~~~~
      |                   controller_loadFromText
gcc -o PARCIAL_[1].exe Controller.o LinkedList.o Passenger.o estetica.o input.o main.o parser.o 
01:00:37 **** Incremental Build of configuration Debug for project PARCIAL_[1] ****
Info: Internal Builder is used for build
gcc -O0 -g3 -Wall -c -fmessage-length=0 -o main.o "..\\main.c" 
gcc -O0 -g3 -Wall -c -fmessage-length=0 -o Controller.o "..\\Controller.c" 
gcc -o PARCIAL_[1].exe Controller.o LinkedList.o Passenger.o estetica.o input.o main.o parser.o 
01:03:28 **** Incremental Build of configuration Debug for project PARCIAL_[1] ****
Info: Internal Builder is used for build
gcc -O0 -g3 -Wall -c -fmessage-length=0 -o main.o "..\\main.c" 
gcc -O0 -g3 -Wall -c -fmessage-length=0 -o Controller.o "..\\Controller.c" 
gcc -o PARCIAL_[1].exe Controller.o LinkedList.o Passenger.o estetica.o input.o main.o parser.o 
01:03:43 **** Incremental Build of configuration Debug for project PARCIAL_[1] ****
Info: Internal Builder is used for build
gcc -O0 -g3 -Wall -c -fmessage-length=0 -o main.o "..\\main.c" 
gcc -o PARCIAL_[1].exe Controller.o LinkedList.o Passenger.o estetica.o input.o main.o parser.o 
01:05:25 **** Incremental Build of configuration Debug for project PARCIAL_[1] ****
Info: Internal Builder is used for build
gcc -O0 -g3 -Wall -c -fmessage-length=0 -o Controller.o "..\\Controller.c" 
gcc -o PARCIAL_[1].exe Controller.o LinkedList.o Passenger.o estetica.o input.o main.o parser.o 
01:12:49 **** Incremental Build of configuration Debug for project PARCIAL_[1] ****
Info: Internal Builder is used for build
gcc -O0 -g3 -Wall -c -fmessage-length=0 -o Controller.o "..\\Controller.c" 
gcc -o PARCIAL_[1].exe Controller.o LinkedList.o Passenger.o estetica.o input.o main.o parser.o 
01:13:34 **** Incremental Build of configuration Debug for project PARCIAL_[1] ****
Info: Internal Builder is used for build
gcc -O0 -g3 -Wall -c -fmessage-length=0 -o Controller.o "..\\Controller.c" 
gcc -o PARCIAL_[1].exe Controller.o LinkedList.o Passenger.o estetica.o input.o main.o parser.o 
01:14:53 **** Incremental Build of configuration Debug for project PARCIAL_[1] ****
Info: Internal Builder is used for build
gcc -O0 -g3 -Wall -c -fmessage-length=0 -o Controller.o "..\\Controller.c" 
gcc -o PARCIAL_[1].exe Controller.o LinkedList.o Passenger.o estetica.o input.o main.o parser.o 
Info: Nothing to build for PARCIAL_[1]
01:15:58 **** Incremental Build of configuration Debug for project PARCIAL_[1] ****
Info: Internal Builder is used for build
gcc -O0 -g3 -Wall -c -fmessage-length=0 -o Controller.o "..\\Controller.c" 
gcc -o PARCIAL_[1].exe Controller.o LinkedList.o Passenger.o estetica.o input.o main.o parser.o 
01:24:01 **** Incremental Build of configuration Debug for project PARCIAL_[1] ****
Info: Internal Builder is used for build
gcc -O0 -g3 -Wall -c -fmessage-length=0 -o main.o "..\\main.c" 
gcc -O0 -g3 -Wall -c -fmessage-length=0 -o Controller.o "..\\Controller.c" 
gcc -o PARCIAL_[1].exe Controller.o LinkedList.o Passenger.o estetica.o input.o main.o parser.o 
01:25:08 **** Incremental Build of configuration Debug for project PARCIAL_[1] ****
Info: Internal Builder is used for build
gcc -O0 -g3 -Wall -c -fmessage-length=0 -o Controller.o "..\\Controller.c" 
gcc -o PARCIAL_[1].exe Controller.o LinkedList.o Passenger.o estetica.o input.o main.o parser.o 
01:26:05 **** Incremental Build of configuration Debug for project PARCIAL_[1] ****
Info: Internal Builder is used for build
gcc -O0 -g3 -Wall -c -fmessage-length=0 -o Controller.o "..\\Controller.c" 
gcc -o PARCIAL_[1].exe Controller.o LinkedList.o Passenger.o estetica.o input.o main.o parser.o 
01:27:36 **** Incremental Build of configuration Debug for project PARCIAL_[1] ****
Info: Internal Builder is used for build
gcc -O0 -g3 -Wall -c -fmessage-length=0 -o Controller.o "..\\Controller.c" 
gcc -o PARCIAL_[1].exe Controller.o LinkedList.o Passenger.o estetica.o input.o main.o parser.o 
01:28:30 **** Incremental Build of configuration Debug for project PARCIAL_[1] ****
Info: Internal Builder is used for build
gcc -O0 -g3 -Wall -c -fmessage-length=0 -o Controller.o "..\\Controller.c" 
gcc -o PARCIAL_[1].exe Controller.o LinkedList.o Passenger.o estetica.o input.o main.o parser.o 
01:34:26 **** Incremental Build of configuration Debug for project PARCIAL_[1] ****
Info: Internal Builder is used for build
gcc -O0 -g3 -Wall -c -fmessage-length=0 -o main.o "..\\main.c" 
gcc -o PARCIAL_[1].exe Controller.o LinkedList.o Passenger.o estetica.o input.o main.o parser.o 
01:35:05 **** Incremental Build of configuration Debug for project PARCIAL_[1] ****
Info: Internal Builder is used for build
gcc -O0 -g3 -Wall -c -fmessage-length=0 -o main.o "..\\main.c" 
gcc -o PARCIAL_[1].exe Controller.o LinkedList.o Passenger.o estetica.o input.o main.o parser.o 
01:54:07 **** Incremental Build of configuration Debug for project PARCIAL_[1] ****
Info: Internal Builder is used for build
gcc -O0 -g3 -Wall -c -fmessage-length=0 -o Controller.o "..\\Controller.c" 
gcc -O0 -g3 -Wall -c -fmessage-length=0 -o Passenger.o "..\\Passenger.c" 
gcc -O0 -g3 -Wall -c -fmessage-length=0 -o parser.o "..\\parser.c" 
gcc -O0 -g3 -Wall -c -fmessage-length=0 -o main.o "..\\main.c" 
gcc -o PARCIAL_[1].exe Controller.o LinkedList.o Passenger.o estetica.o input.o main.o parser.o 
02:00:56 **** Incremental Build of configuration Debug for project PARCIAL_[1] ****
Info: Internal Builder is used for build
gcc -O0 -g3 -Wall -c -fmessage-length=0 -o Controller.o "..\\Controller.c" 
gcc -O0 -g3 -Wall -c -fmessage-length=0 -o parser.o "..\\parser.c" 
gcc -O0 -g3 -Wall -c -fmessage-length=0 -o Passenger.o "..\\Passenger.c" 
..\Passenger.c: In function 'Servicio_compareById':
..\Passenger.c:384:2: warning: implicit declaration of function 'Passenger_getId' [-Wimplicit-function-declaration]
  384 |  Passenger_getId(idServicioUno, &auxIdUno);
      |  ^~~~~~~~~~~~~~~
..\Passenger.c:387:23: warning: passing argument 1 of 'strcmp' makes pointer from integer without a cast [-Wint-conversion]
  387 |  comparacion = strcmp(auxIdUno, auxIdDos);
      |                       ^~~~~~~~
      |                       |
      |                       int
In file included from ..\Passenger.h:13,
                 from ..\Passenger.c:10:
c:\mingw\include\string.h:77:46: note: expected 'const char *' but argument is of type 'int'
   77 | _CRTIMP __cdecl __MINGW_NOTHROW  int strcmp (const char *, const char *) __MINGW_ATTRIB_PURE;
      |                                              ^~~~~~~~~~~~
..\Passenger.c:387:33: warning: passing argument 2 of 'strcmp' makes pointer from integer without a cast [-Wint-conversion]
  387 |  comparacion = strcmp(auxIdUno, auxIdDos);
      |                                 ^~~~~~~~
      |                                 |
      |                                 int
In file included from ..\Passenger.h:13,
                 from ..\Passenger.c:10:
c:\mingw\include\string.h:77:60: note: expected 'const char *' but argument is of type 'int'
   77 | _CRTIMP __cdecl __MINGW_NOTHROW  int strcmp (const char *, const char *) __MINGW_ATTRIB_PURE;
      |                                                            ^~~~~~~~~~~~
gcc -O0 -g3 -Wall -c -fmessage-length=0 -o main.o "..\\main.c" 
gcc -o PARCIAL_[1].exe Controller.o LinkedList.o Passenger.o estetica.o input.o main.o parser.o 
c:/mingw/bin/../lib/gcc/mingw32/9.2.0/../../../../mingw32/bin/ld.exe: Passenger.o: in function `Servicio_compareById':
D:\OneDrive\Escritorio\PARCIAL_LABO[2]\PARCIAL_[1]\Debug/../Passenger.c:384: undefined reference to `Passenger_getId'
c:/mingw/bin/../lib/gcc/mingw32/9.2.0/../../../../mingw32/bin/ld.exe: D:\OneDrive\Escritorio\PARCIAL_LABO[2]\PARCIAL_[1]\Debug/../Passenger.c:385: undefined reference to `Passenger_getId'
collect2.exe: error: ld returned 1 exit status
02:01:50 **** Incremental Build of configuration Debug for project PARCIAL_[1] ****
Info: Internal Builder is used for build
gcc -O0 -g3 -Wall -c -fmessage-length=0 -o Passenger.o "..\\Passenger.c" 
..\Passenger.c: In function 'Servicio_compareById':
..\Passenger.c:387:23: warning: passing argument 1 of 'strcmp' makes pointer from integer without a cast [-Wint-conversion]
  387 |  comparacion = strcmp(auxIdUno, auxIdDos);
      |                       ^~~~~~~~
      |                       |
      |                       int
In file included from ..\Passenger.h:13,
                 from ..\Passenger.c:10:
c:\mingw\include\string.h:77:46: note: expected 'const char *' but argument is of type 'int'
   77 | _CRTIMP __cdecl __MINGW_NOTHROW  int strcmp (const char *, const char *) __MINGW_ATTRIB_PURE;
      |                                              ^~~~~~~~~~~~
..\Passenger.c:387:33: warning: passing argument 2 of 'strcmp' makes pointer from integer without a cast [-Wint-conversion]
  387 |  comparacion = strcmp(auxIdUno, auxIdDos);
      |                                 ^~~~~~~~
      |                                 |
      |                                 int
In file included from ..\Passenger.h:13,
                 from ..\Passenger.c:10:
c:\mingw\include\string.h:77:60: note: expected 'const char *' but argument is of type 'int'
   77 | _CRTIMP __cdecl __MINGW_NOTHROW  int strcmp (const char *, const char *) __MINGW_ATTRIB_PURE;
      |                                                            ^~~~~~~~~~~~
gcc -o PARCIAL_[1].exe Controller.o LinkedList.o Passenger.o estetica.o input.o main.o parser.o 
02:02:26 **** Incremental Build of configuration Debug for project PARCIAL_[1] ****
Info: Internal Builder is used for build
gcc -O0 -g3 -Wall -c -fmessage-length=0 -o Passenger.o "..\\Passenger.c" 
..\Passenger.c: In function 'Servicio_compareById':
..\Passenger.c:387:23: warning: passing argument 1 of 'strcmp' from incompatible pointer type [-Wincompatible-pointer-types]
  387 |  comparacion = strcmp(&auxIdUno, &auxIdDos);
      |                       ^~~~~~~~~
      |                       |
      |                       int *
In file included from ..\Passenger.h:13,
                 from ..\Passenger.c:10:
c:\mingw\include\string.h:77:46: note: expected 'const char *' but argument is of type 'int *'
   77 | _CRTIMP __cdecl __MINGW_NOTHROW  int strcmp (const char *, const char *) __MINGW_ATTRIB_PURE;
      |                                              ^~~~~~~~~~~~
..\Passenger.c:387:34: warning: passing argument 2 of 'strcmp' from incompatible pointer type [-Wincompatible-pointer-types]
  387 |  comparacion = strcmp(&auxIdUno, &auxIdDos);
      |                                  ^~~~~~~~~
      |                                  |
      |                                  int *
In file included from ..\Passenger.h:13,
                 from ..\Passenger.c:10:
c:\mingw\include\string.h:77:60: note: expected 'const char *' but argument is of type 'int *'
   77 | _CRTIMP __cdecl __MINGW_NOTHROW  int strcmp (const char *, const char *) __MINGW_ATTRIB_PURE;
      |                                                            ^~~~~~~~~~~~
gcc -o PARCIAL_[1].exe Controller.o LinkedList.o Passenger.o estetica.o input.o main.o parser.o 
02:02:31 **** Incremental Build of configuration Debug for project PARCIAL_[1] ****
Info: Internal Builder is used for build
gcc -O0 -g3 -Wall -c -fmessage-length=0 -o Passenger.o "..\\Passenger.c" 
..\Passenger.c: In function 'Servicio_compareById':
..\Passenger.c:387:23: warning: passing argument 1 of 'strcmp' makes pointer from integer without a cast [-Wint-conversion]
  387 |  comparacion = strcmp(auxIdUno, auxIdDos);
      |                       ^~~~~~~~
      |                       |
      |                       int
In file included from ..\Passenger.h:13,
                 from ..\Passenger.c:10:
c:\mingw\include\string.h:77:46: note: expected 'const char *' but argument is of type 'int'
   77 | _CRTIMP __cdecl __MINGW_NOTHROW  int strcmp (const char *, const char *) __MINGW_ATTRIB_PURE;
      |                                              ^~~~~~~~~~~~
..\Passenger.c:387:33: warning: passing argument 2 of 'strcmp' makes pointer from integer without a cast [-Wint-conversion]
  387 |  comparacion = strcmp(auxIdUno, auxIdDos);
      |                                 ^~~~~~~~
      |                                 |
      |                                 int
In file included from ..\Passenger.h:13,
                 from ..\Passenger.c:10:
c:\mingw\include\string.h:77:60: note: expected 'const char *' but argument is of type 'int'
   77 | _CRTIMP __cdecl __MINGW_NOTHROW  int strcmp (const char *, const char *) __MINGW_ATTRIB_PURE;
      |                                                            ^~~~~~~~~~~~
gcc -o PARCIAL_[1].exe Controller.o LinkedList.o Passenger.o estetica.o input.o main.o parser.o 
02:03:09 **** Incremental Build of configuration Debug for project PARCIAL_[1] ****
Info: Internal Builder is used for build
gcc -O0 -g3 -Wall -c -fmessage-length=0 -o Passenger.o "..\\Passenger.c" 
gcc -o PARCIAL_[1].exe Controller.o LinkedList.o Passenger.o estetica.o input.o main.o parser.o 
02:03:44 **** Incremental Build of configuration Debug for project PARCIAL_[1] ****
Info: Internal Builder is used for build
gcc -O0 -g3 -Wall -c -fmessage-length=0 -o main.o "..\\main.c" 
gcc -o PARCIAL_[1].exe Controller.o LinkedList.o Passenger.o estetica.o input.o main.o parser.o 
